{"target": -10.440780173958741, "params": {"bagging_fraction": 0.8524049350031164, "feature_fraction": 0.6476051916463397, "lambda_l1": 0.8343795584830792, "lambda_l2": 1.3779506616437, "learning_rate": 0.3277905351149655, "max_depth": 54.247317956766025, "min_child_weight": 0.26194292556514465, "min_split_gain": 0.09763244320286593, "n_estimators": 3677.4320358178875, "num_leaves": 43.42952573811334}, "datetime": {"datetime": "2019-11-29 12:19:32", "elapsed": 0.0, "delta": 0.0}}
{"target": -10.686420308082722, "params": {"bagging_fraction": 0.877255013726872, "feature_fraction": 0.7885503538619135, "lambda_l1": 0.37517377900679827, "lambda_l2": 2.9506458154309234, "learning_rate": 0.4487926199586768, "max_depth": 80.0080424922708, "min_child_weight": 0.7941185757915866, "min_split_gain": 0.03676489566932564, "n_estimators": 2109.71450087644, "num_leaves": 179.4348571519932}, "datetime": {"datetime": "2019-11-29 12:19:55", "elapsed": 22.514758, "delta": 22.514758}}
{"target": -10.72179387501859, "params": {"bagging_fraction": 0.9520343547611715, "feature_fraction": 0.6563425216279247, "lambda_l1": 0.864501443436107, "lambda_l2": 2.010656574480702, "learning_rate": 0.5046517787582923, "max_depth": 21.964024330535075, "min_child_weight": 0.4131413014246589, "min_split_gain": 0.020720328285304745, "n_estimators": 2681.9120477558317, "num_leaves": 251.38750388971494}, "datetime": {"datetime": "2019-11-29 12:20:12", "elapsed": 39.452533, "delta": 16.937775}}
{"target": -10.56598617371051, "params": {"bagging_fraction": 0.837050189014409, "feature_fraction": 0.8872077671013783, "lambda_l1": 1.2762439954335498, "lambda_l2": 1.512021117484312, "learning_rate": 0.5153662373576876, "max_depth": 6.500187960122371, "min_child_weight": 0.7316900686676242, "min_split_gain": 0.0993371989491921, "n_estimators": 856.243789685348, "num_leaves": 46.7240861103429}, "datetime": {"datetime": "2019-11-29 12:20:19", "elapsed": 47.283652, "delta": 7.831119}}
{"target": -10.363701948504573, "params": {"bagging_fraction": 0.8749668369160142, "feature_fraction": 0.8079658332603392, "lambda_l1": 0.008703090506129718, "lambda_l2": 1.1076871867784575, "learning_rate": 0.06809253232431145, "max_depth": 79.98692807729064, "min_child_weight": 0.34976921269998185, "min_split_gain": 0.07054984825166208, "n_estimators": 2481.583932466099, "num_leaves": 292.13297566195376}, "datetime": {"datetime": "2019-11-29 12:20:58", "elapsed": 86.044578, "delta": 38.760926}}
{"target": -10.289086889750404, "params": {"bagging_fraction": 0.8, "feature_fraction": 0.9, "lambda_l1": 3.0, "lambda_l2": 0.0, "learning_rate": 0.01, "max_depth": 100.0, "min_child_weight": 1.0, "min_split_gain": 0.1, "n_estimators": 4927.373409747903, "num_leaves": 10.0}, "datetime": {"datetime": "2019-11-29 12:21:49", "elapsed": 136.579635, "delta": 50.535057}}
{"target": -10.769682827896622, "params": {"bagging_fraction": 1.0, "feature_fraction": 0.6, "lambda_l1": 0.0, "lambda_l2": 3.0, "learning_rate": 1.0, "max_depth": 5.0, "min_child_weight": 0.0, "min_split_gain": 0.001, "n_estimators": 4331.044348109015, "num_leaves": 300.0}, "datetime": {"datetime": "2019-11-29 12:23:21", "elapsed": 228.459102, "delta": 91.879467}}
{"target": -10.282155002620694, "params": {"bagging_fraction": 1.0, "feature_fraction": 0.6, "lambda_l1": 3.0, "lambda_l2": 0.0, "learning_rate": 0.01, "max_depth": 100.0, "min_child_weight": 0.0, "min_split_gain": 0.001, "n_estimators": 1369.9507620766435, "num_leaves": 300.0}, "datetime": {"datetime": "2019-11-29 12:25:04", "elapsed": 331.57459, "delta": 103.115488}}
{"target": -10.800759603739504, "params": {"bagging_fraction": 0.8, "feature_fraction": 0.6, "lambda_l1": 0.0, "lambda_l2": 3.0, "learning_rate": 1.0, "max_depth": 5.0, "min_child_weight": 0.0, "min_split_gain": 0.001, "n_estimators": 5000.0, "num_leaves": 300.0}, "datetime": {"datetime": "2019-11-29 12:25:21", "elapsed": 348.73545, "delta": 17.16086}}
{"target": -10.789617356510117, "params": {"bagging_fraction": 0.8, "feature_fraction": 0.9, "lambda_l1": 0.0, "lambda_l2": 0.0, "learning_rate": 1.0, "max_depth": 5.0, "min_child_weight": 1.0, "min_split_gain": 0.1, "n_estimators": 1410.6385639914445, "num_leaves": 10.0}, "datetime": {"datetime": "2019-11-29 12:25:39", "elapsed": 366.973542, "delta": 18.238092}}
{"target": -10.289086889750404, "params": {"bagging_fraction": 0.8, "feature_fraction": 0.9, "lambda_l1": 3.0, "lambda_l2": 0.0, "learning_rate": 0.01, "max_depth": 100.0, "min_child_weight": 1.0, "min_split_gain": 0.1, "n_estimators": 4201.718501645289, "num_leaves": 10.0}, "datetime": {"datetime": "2019-11-29 12:26:40", "elapsed": 427.451261, "delta": 60.477719}}
{"target": -11.007900147278503, "params": {"bagging_fraction": 1.0, "feature_fraction": 0.6, "lambda_l1": 0.0, "lambda_l2": 3.0, "learning_rate": 1.0, "max_depth": 100.0, "min_child_weight": 1.0, "min_split_gain": 0.1, "n_estimators": 898.3123598038975, "num_leaves": 300.0}, "datetime": {"datetime": "2019-11-29 12:27:08", "elapsed": 455.508612, "delta": 28.057351}}
{"target": -10.275778521918607, "params": {"bagging_fraction": 0.8, "feature_fraction": 0.9, "lambda_l1": 3.0, "lambda_l2": 0.0, "learning_rate": 0.01, "max_depth": 100.0, "min_child_weight": 1.0, "min_split_gain": 0.001, "n_estimators": 3350.637737522992, "num_leaves": 300.0}, "datetime": {"datetime": "2019-11-29 12:28:59", "elapsed": 566.384021, "delta": 110.875409}}
{"target": -10.275778521918607, "params": {"bagging_fraction": 0.8, "feature_fraction": 0.9, "lambda_l1": 3.0, "lambda_l2": 0.0, "learning_rate": 0.01, "max_depth": 100.0, "min_child_weight": 1.0, "min_split_gain": 0.001, "n_estimators": 3819.892195286061, "num_leaves": 300.0}, "datetime": {"datetime": "2019-11-29 12:30:50", "elapsed": 678.165047, "delta": 111.781026}}
{"target": -10.738727050957888, "params": {"bagging_fraction": 0.8, "feature_fraction": 0.9, "lambda_l1": 3.0, "lambda_l2": 3.0, "learning_rate": 1.0, "max_depth": 5.0, "min_child_weight": 0.0, "min_split_gain": 0.1, "n_estimators": 342.32033607273587, "num_leaves": 10.0}, "datetime": {"datetime": "2019-11-29 12:31:11", "elapsed": 698.310393, "delta": 20.145346}}
{"target": -10.29919110715189, "params": {"bagging_fraction": 1.0, "feature_fraction": 0.9, "lambda_l1": 3.0, "lambda_l2": 0.0, "learning_rate": 0.01, "max_depth": 5.0, "min_child_weight": 0.0, "min_split_gain": 0.1, "n_estimators": 1705.1878868731192, "num_leaves": 300.0}, "datetime": {"datetime": "2019-11-29 12:32:04", "elapsed": 751.80371, "delta": 53.493317}}
{"target": -10.750398506865428, "params": {"bagging_fraction": 0.8, "feature_fraction": 0.9, "lambda_l1": 0.0, "lambda_l2": 3.0, "learning_rate": 1.0, "max_depth": 100.0, "min_child_weight": 1.0, "min_split_gain": 0.1, "n_estimators": 4595.359028174598, "num_leaves": 10.0}, "datetime": {"datetime": "2019-11-29 12:32:27", "elapsed": 775.176913, "delta": 23.373203}}
{"target": -10.289086889750404, "params": {"bagging_fraction": 0.8, "feature_fraction": 0.9, "lambda_l1": 3.0, "lambda_l2": 0.0, "learning_rate": 0.01, "max_depth": 100.0, "min_child_weight": 1.0, "min_split_gain": 0.1, "n_estimators": 3177.8235642935038, "num_leaves": 10.0}, "datetime": {"datetime": "2019-11-29 12:33:30", "elapsed": 837.383909, "delta": 62.206996}}
{"target": -10.289086889750404, "params": {"bagging_fraction": 0.8, "feature_fraction": 0.9, "lambda_l1": 3.0, "lambda_l2": 0.0, "learning_rate": 0.01, "max_depth": 100.0, "min_child_weight": 0.0, "min_split_gain": 0.1, "n_estimators": 2519.8714358802767, "num_leaves": 10.0}, "datetime": {"datetime": "2019-11-29 12:34:31", "elapsed": 898.602037, "delta": 61.218128}}
{"target": -10.65707908538037, "params": {"bagging_fraction": 1.0, "feature_fraction": 0.9, "lambda_l1": 3.0, "lambda_l2": 3.0, "learning_rate": 1.0, "max_depth": 5.0, "min_child_weight": 1.0, "min_split_gain": 0.001, "n_estimators": 4003.5126236039705, "num_leaves": 10.0}, "datetime": {"datetime": "2019-11-29 12:34:52", "elapsed": 919.730308, "delta": 21.128271}}
{"target": -10.288103083317685, "params": {"bagging_fraction": 0.8, "feature_fraction": 0.6, "lambda_l1": 0.0, "lambda_l2": 0.0, "learning_rate": 0.01, "max_depth": 5.0, "min_child_weight": 1.0, "min_split_gain": 0.001, "n_estimators": 5000.0, "num_leaves": 10.0}, "datetime": {"datetime": "2019-11-29 12:35:50", "elapsed": 977.317601, "delta": 57.587293}}
{"target": -10.29568194741535, "params": {"bagging_fraction": 1.0, "feature_fraction": 0.9, "lambda_l1": 0.0, "lambda_l2": 0.0, "learning_rate": 0.01, "max_depth": 5.0, "min_child_weight": 0.0, "min_split_gain": 0.1, "n_estimators": 3557.92351117834, "num_leaves": 300.0}, "datetime": {"datetime": "2019-11-29 13:01:19", "elapsed": 2506.597495, "delta": 1529.279894}}
{"target": -10.665561987018993, "params": {"bagging_fraction": 1.0, "feature_fraction": 0.6, "lambda_l1": 0.0, "lambda_l2": 0.0, "learning_rate": 1.0, "max_depth": 100.0, "min_child_weight": 0.0, "min_split_gain": 0.001, "n_estimators": 3415.0858036973964, "num_leaves": 10.0}, "datetime": {"datetime": "2019-11-29 13:01:38", "elapsed": 2525.518305, "delta": 18.92081}}
{"target": -10.28887678731828, "params": {"bagging_fraction": 0.8, "feature_fraction": 0.9, "lambda_l1": 0.0, "lambda_l2": 3.0, "learning_rate": 0.01, "max_depth": 100.0, "min_child_weight": 1.0, "min_split_gain": 0.001, "n_estimators": 2879.2635289266873, "num_leaves": 10.0}, "datetime": {"datetime": "2019-11-29 13:02:39", "elapsed": 2586.697129, "delta": 61.178824}}
{"target": -10.277190520760126, "params": {"bagging_fraction": 0.8, "feature_fraction": 0.9, "lambda_l1": 3.0, "lambda_l2": 0.0, "learning_rate": 0.01, "max_depth": 100.0, "min_child_weight": 0.0, "min_split_gain": 0.1, "n_estimators": 3060.0739994382957, "num_leaves": 300.0}, "datetime": {"datetime": "2019-11-29 13:45:59", "elapsed": 5186.348113, "delta": 2599.650984}}
{"target": -11.294063757285063, "params": {"bagging_fraction": 1.0, "feature_fraction": 0.9, "lambda_l1": 0.0, "lambda_l2": 0.0, "learning_rate": 0.01, "max_depth": 5.0, "min_child_weight": 1.0, "min_split_gain": 0.1, "n_estimators": 50.0, "num_leaves": 10.0}, "datetime": {"datetime": "2019-11-29 13:46:18", "elapsed": 5205.420862, "delta": 19.072749}}
{"target": -11.007900147278503, "params": {"bagging_fraction": 1.0, "feature_fraction": 0.6, "lambda_l1": 0.0, "lambda_l2": 3.0, "learning_rate": 1.0, "max_depth": 100.0, "min_child_weight": 1.0, "min_split_gain": 0.001, "n_estimators": 1609.5496756315902, "num_leaves": 300.0}, "datetime": {"datetime": "2019-11-29 13:46:53", "elapsed": 5240.461556, "delta": 35.040694}}
{"target": -10.272314608856938, "params": {"bagging_fraction": 0.8, "feature_fraction": 0.9, "lambda_l1": 3.0, "lambda_l2": 0.0, "learning_rate": 0.01, "max_depth": 5.0, "min_child_weight": 0.0, "min_split_gain": 0.1, "n_estimators": 1208.0420518598098, "num_leaves": 300.0}, "datetime": {"datetime": "2019-11-29 13:48:34", "elapsed": 5342.035569, "delta": 101.574013}}
{"target": -10.316633609086578, "params": {"bagging_fraction": 1.0, "feature_fraction": 0.9, "lambda_l1": 3.0, "lambda_l2": 0.0, "learning_rate": 0.01, "max_depth": 5.0, "min_child_weight": 0.0, "min_split_gain": 0.1, "n_estimators": 1866.9867133899259, "num_leaves": 10.0}, "datetime": {"datetime": "2019-11-29 13:49:16", "elapsed": 5383.911139, "delta": 41.87557}}
{"target": -10.314854499439438, "params": {"bagging_fraction": 1.0, "feature_fraction": 0.9, "lambda_l1": 3.0, "lambda_l2": 0.0, "learning_rate": 0.01, "max_depth": 5.0, "min_child_weight": 0.0, "min_split_gain": 0.001, "n_estimators": 2285.65665052202, "num_leaves": 10.0}, "datetime": {"datetime": "2019-11-29 13:50:04", "elapsed": 5432.157062, "delta": 48.245923}}
