{"target": -11.3695918, "params": {"bagging_fraction": 0.8524049350031164, "feature_fraction": 0.6476051916463397, "lambda_l1": 0.8343795584830792, "lambda_l2": 1.3779506616437, "learning_rate": 0.3277905351149655, "max_depth": 54.247317956766025, "min_child_weight": 0.26194292556514465, "min_split_gain": 0.09763244320286593, "n_estimators": 3677.4320358178875, "num_leaves": 43.42952573811334}, "datetime": {"datetime": "2019-11-29 14:00:22", "elapsed": 0.0, "delta": 0.0}}
{"target": -11.591567600000001, "params": {"bagging_fraction": 0.877255013726872, "feature_fraction": 0.7885503538619135, "lambda_l1": 0.37517377900679827, "lambda_l2": 2.9506458154309234, "learning_rate": 0.4487926199586768, "max_depth": 80.0080424922708, "min_child_weight": 0.7941185757915866, "min_split_gain": 0.03676489566932564, "n_estimators": 2109.71450087644, "num_leaves": 179.4348571519932}, "datetime": {"datetime": "2019-11-29 14:00:54", "elapsed": 31.795972, "delta": 31.795972}}
{"target": -11.707992, "params": {"bagging_fraction": 0.9520343547611715, "feature_fraction": 0.6563425216279247, "lambda_l1": 0.864501443436107, "lambda_l2": 2.010656574480702, "learning_rate": 0.5046517787582923, "max_depth": 21.964024330535075, "min_child_weight": 0.4131413014246589, "min_split_gain": 0.020720328285304745, "n_estimators": 2681.9120477558317, "num_leaves": 251.38750388971494}, "datetime": {"datetime": "2019-11-29 14:01:20", "elapsed": 58.120015, "delta": 26.324043}}
{"target": -10.6501106, "params": {"bagging_fraction": 0.837050189014409, "feature_fraction": 0.8872077671013783, "lambda_l1": 1.2762439954335498, "lambda_l2": 1.512021117484312, "learning_rate": 0.5153662373576876, "max_depth": 6.500187960122371, "min_child_weight": 0.7316900686676242, "min_split_gain": 0.0993371989491921, "n_estimators": 856.243789685348, "num_leaves": 46.7240861103429}, "datetime": {"datetime": "2019-11-29 14:01:28", "elapsed": 65.546127, "delta": 7.426112}}
{"target": -13.073846800000002, "params": {"bagging_fraction": 0.8749668369160142, "feature_fraction": 0.8079658332603392, "lambda_l1": 0.008703090506129718, "lambda_l2": 1.1076871867784575, "learning_rate": 0.06809253232431145, "max_depth": 79.98692807729064, "min_child_weight": 0.34976921269998185, "min_split_gain": 0.07054984825166208, "n_estimators": 2481.583932466099, "num_leaves": 292.13297566195376}, "datetime": {"datetime": "2019-11-29 14:02:02", "elapsed": 100.068945, "delta": 34.522818}}
{"target": -11.8493172, "params": {"bagging_fraction": 0.8077389887285699, "feature_fraction": 0.7051082508951022, "lambda_l1": 1.3135632353114441, "lambda_l2": 0.0, "learning_rate": 0.11096703390707266, "max_depth": 18.27516929134472, "min_child_weight": 0.7861940796260137, "min_split_gain": 0.07282212960304062, "n_estimators": 946.1491611698767, "num_leaves": 84.57470316379785}, "datetime": {"datetime": "2019-11-29 14:02:27", "elapsed": 125.056859, "delta": 24.987914}}
{"target": -16.1585592, "params": {"bagging_fraction": 0.9339076397886396, "feature_fraction": 0.770945870120595, "lambda_l1": 0.675813402463699, "lambda_l2": 0.9699402288508, "learning_rate": 0.013311119078492235, "max_depth": 7.6393478538654005, "min_child_weight": 0.17250548548975808, "min_split_gain": 0.08386740772976836, "n_estimators": 860.6341315368285, "num_leaves": 44.908139098979014}, "datetime": {"datetime": "2019-11-29 14:02:37", "elapsed": 134.913051, "delta": 9.856192}}
{"target": -11.1862022, "params": {"bagging_fraction": 0.8557190297720213, "feature_fraction": 0.8520202227686515, "lambda_l1": 0.5779769125585896, "lambda_l2": 2.896758041350782, "learning_rate": 0.24170736012850733, "max_depth": 41.14444232498, "min_child_weight": 0.06738835997299797, "min_split_gain": 0.048874966308336314, "n_estimators": 2718.1135689837847, "num_leaves": 221.03692179916868}, "datetime": {"datetime": "2019-11-29 14:03:09", "elapsed": 167.037846, "delta": 32.124795}}
{"target": -12.9996388, "params": {"bagging_fraction": 0.878794666609322, "feature_fraction": 0.8162537786845917, "lambda_l1": 1.9432062705249282, "lambda_l2": 1.3386333104508927, "learning_rate": 0.8575961169310736, "max_depth": 29.667258410072108, "min_child_weight": 0.8138784467169698, "min_split_gain": 0.09142292874269596, "n_estimators": 1594.5756952612057, "num_leaves": 72.37966033423166}, "datetime": {"datetime": "2019-11-29 14:04:45", "elapsed": 262.418152, "delta": 95.380306}}
{"target": -11.907449000000002, "params": {"bagging_fraction": 0.8802854182549302, "feature_fraction": 0.7627683308148596, "lambda_l1": 2.2990243397155954, "lambda_l2": 2.182111876498977, "learning_rate": 0.5457983747506978, "max_depth": 74.07323674400418, "min_child_weight": 0.6799402111751451, "min_split_gain": 0.08346596097325427, "n_estimators": 2739.450719130546, "num_leaves": 216.74002169123682}, "datetime": {"datetime": "2019-11-29 14:06:09", "elapsed": 346.684744, "delta": 84.266592}}
{"target": -14.7076268, "params": {"bagging_fraction": 0.8647159450836066, "feature_fraction": 0.6767006320073867, "lambda_l1": 0.272805108209924, "lambda_l2": 1.3188450238120497, "learning_rate": 0.034970598166076075, "max_depth": 49.32536779816819, "min_child_weight": 0.38953737924172616, "min_split_gain": 0.07131129161737057, "n_estimators": 2246.0850867377217, "num_leaves": 58.03292388707913}, "datetime": {"datetime": "2019-11-29 14:07:22", "elapsed": 420.11017, "delta": 73.425426}}
{"target": -12.4150026, "params": {"bagging_fraction": 0.988755920205675, "feature_fraction": 0.8643863129232183, "lambda_l1": 0.06695798530331287, "lambda_l2": 1.912750067231197, "learning_rate": 0.7048160464662057, "max_depth": 83.06619499232538, "min_child_weight": 0.7195286135620408, "min_split_gain": 0.07395320639819467, "n_estimators": 1160.9804286275157, "num_leaves": 96.69533984607656}, "datetime": {"datetime": "2019-11-29 14:08:12", "elapsed": 469.624674, "delta": 49.514504}}
{"target": -11.6791264, "params": {"bagging_fraction": 0.924667572806085, "feature_fraction": 0.6039579275631569, "lambda_l1": 0.17060972595401336, "lambda_l2": 1.0484547270464157, "learning_rate": 0.12703271230066446, "max_depth": 63.02828094967635, "min_child_weight": 0.4355518500196508, "min_split_gain": 0.02761523752803778, "n_estimators": 904.846921705646, "num_leaves": 91.17148535196584}, "datetime": {"datetime": "2019-11-29 14:08:47", "elapsed": 504.293782, "delta": 34.669108}}
{"target": -12.977571000000001, "params": {"bagging_fraction": 0.9094399085293421, "feature_fraction": 0.7698122892462594, "lambda_l1": 0.10948159758085174, "lambda_l2": 2.0309043660002852, "learning_rate": 0.8452168070752438, "max_depth": 43.26819124315901, "min_child_weight": 0.1296849387367307, "min_split_gain": 0.08313652864879312, "n_estimators": 4150.604139195747, "num_leaves": 281.3687777017692}, "datetime": {"datetime": "2019-11-29 14:09:39", "elapsed": 557.023291, "delta": 52.729509}}
{"target": -11.367395, "params": {"bagging_fraction": 0.8749529138153724, "feature_fraction": 0.6827239661238289, "lambda_l1": 0.48305424705454747, "lambda_l2": 1.9662606729276273, "learning_rate": 0.3413723019361556, "max_depth": 78.69050865531051, "min_child_weight": 0.926547092934253, "min_split_gain": 0.09794535675269575, "n_estimators": 477.1331685308422, "num_leaves": 149.03251494947094}, "datetime": {"datetime": "2019-11-29 14:10:15", "elapsed": 592.718766, "delta": 35.695475}}
{"target": -11.5869106, "params": {"bagging_fraction": 0.823006353232853, "feature_fraction": 0.6899640033301582, "lambda_l1": 0.007392872827499675, "lambda_l2": 1.89797719652009, "learning_rate": 0.4376463316220547, "max_depth": 24.92919026603441, "min_child_weight": 0.45531073683567236, "min_split_gain": 0.059791173281235094, "n_estimators": 132.92564085739366, "num_leaves": 239.05205442427928}, "datetime": {"datetime": "2019-11-29 14:10:44", "elapsed": 622.102254, "delta": 29.383488}}
{"target": -11.265111399999999, "params": {"bagging_fraction": 0.8462765623746891, "feature_fraction": 0.6297877991864236, "lambda_l1": 0.33240515144672855, "lambda_l2": 0.4646070149303574, "learning_rate": 0.3042530705078969, "max_depth": 31.35531249046769, "min_child_weight": 0.46430438723947054, "min_split_gain": 0.08944231537091693, "n_estimators": 4888.906100292447, "num_leaves": 123.78784163720881}, "datetime": {"datetime": "2019-11-29 14:11:14", "elapsed": 651.460263, "delta": 29.358009}}
{"target": -12.112009400000002, "params": {"bagging_fraction": 0.9263827728909031, "feature_fraction": 0.6623310606131532, "lambda_l1": 2.3280396225690563, "lambda_l2": 2.372845939503534, "learning_rate": 0.6977065545398019, "max_depth": 15.407794262923849, "min_child_weight": 0.786137927995667, "min_split_gain": 0.00607961832672104, "n_estimators": 1934.6627201420774, "num_leaves": 231.34263112388803}, "datetime": {"datetime": "2019-11-29 14:11:34", "elapsed": 671.423377, "delta": 19.963114}}
{"target": -11.3692806, "params": {"bagging_fraction": 0.8409649888846485, "feature_fraction": 0.7946640863231863, "lambda_l1": 0.9645082568661065, "lambda_l2": 2.7715633435458047, "learning_rate": 0.16204995124793542, "max_depth": 27.79689567129286, "min_child_weight": 0.9647986011016261, "min_split_gain": 0.001053300872000875, "n_estimators": 1942.757933178226, "num_leaves": 176.26554894758104}, "datetime": {"datetime": "2019-11-29 14:12:04", "elapsed": 701.503623, "delta": 30.080246}}
{"target": -13.267950199999998, "params": {"bagging_fraction": 0.9383387051875715, "feature_fraction": 0.8047259888128175, "lambda_l1": 2.5317955346432703, "lambda_l2": 1.68569466980062, "learning_rate": 0.9672534579923797, "max_depth": 48.78971573694026, "min_child_weight": 0.1964753220966723, "min_split_gain": 0.053642817584023145, "n_estimators": 1068.3451184321443, "num_leaves": 86.55635676936795}, "datetime": {"datetime": "2019-11-29 14:13:05", "elapsed": 762.925554, "delta": 61.421931}}
{"target": -11.638334599999999, "params": {"bagging_fraction": 0.8646974388143716, "feature_fraction": 0.8204585791422416, "lambda_l1": 0.787570948546921, "lambda_l2": 1.5056724096276832, "learning_rate": 0.4682941904605547, "max_depth": 64.97283376958848, "min_child_weight": 0.7630032729434572, "min_split_gain": 0.03570926095473045, "n_estimators": 990.1742719680108, "num_leaves": 96.52610768214008}, "datetime": {"datetime": "2019-11-29 14:13:43", "elapsed": 800.525365, "delta": 37.599811}}
{"target": -12.103947, "params": {"bagging_fraction": 0.9281810443001302, "feature_fraction": 0.7372988474132706, "lambda_l1": 1.1258679689135487, "lambda_l2": 0.793870621961804, "learning_rate": 0.10212493926011858, "max_depth": 58.485249633075746, "min_child_weight": 0.40152123109496174, "min_split_gain": 0.005175842272352961, "n_estimators": 4067.6124594229154, "num_leaves": 101.13517515744019}, "datetime": {"datetime": "2019-11-29 14:14:18", "elapsed": 835.220025, "delta": 34.69466}}
{"target": -11.834274400000002, "params": {"bagging_fraction": 0.975354966793716, "feature_fraction": 0.8635120298405887, "lambda_l1": 2.834119305214303, "lambda_l2": 1.8920649214045484, "learning_rate": 0.5307634122066229, "max_depth": 87.87764995534604, "min_child_weight": 0.14382885144296964, "min_split_gain": 0.04800696655721538, "n_estimators": 1762.7015975170987, "num_leaves": 103.94722486846887}, "datetime": {"datetime": "2019-11-29 14:14:56", "elapsed": 873.665245, "delta": 38.44522}}
{"target": -11.532165599999999, "params": {"bagging_fraction": 0.9507089877207173, "feature_fraction": 0.7490937938272585, "lambda_l1": 1.174049969313005, "lambda_l2": 1.2589247511341721, "learning_rate": 0.4326334802285976, "max_depth": 41.80157449723797, "min_child_weight": 0.7407294684136496, "min_split_gain": 0.0734613903926099, "n_estimators": 505.82860999344484, "num_leaves": 123.25700525412569}, "datetime": {"datetime": "2019-11-29 14:15:33", "elapsed": 911.015497, "delta": 37.350252}}
{"target": -11.779419999999998, "params": {"bagging_fraction": 0.8158503730937176, "feature_fraction": 0.8023010975590127, "lambda_l1": 0.2839254279144987, "lambda_l2": 0.20523054415613207, "learning_rate": 0.5093688119410655, "max_depth": 74.15034221192042, "min_child_weight": 0.0822343795904561, "min_split_gain": 0.020731762837504556, "n_estimators": 4658.451043261085, "num_leaves": 81.3956643105719}, "datetime": {"datetime": "2019-11-29 14:16:18", "elapsed": 955.699339, "delta": 44.683842}}
{"target": -13.022529, "params": {"bagging_fraction": 0.9308165100563378, "feature_fraction": 0.8395930571553384, "lambda_l1": 2.591906703113969, "lambda_l2": 2.636091435255118, "learning_rate": 0.8707844556322736, "max_depth": 95.57623469716972, "min_child_weight": 0.849983364191769, "min_split_gain": 0.024213772010750836, "n_estimators": 4888.078242687759, "num_leaves": 271.0351069471971}, "datetime": {"datetime": "2019-11-29 14:17:06", "elapsed": 1003.632526, "delta": 47.933187}}
{"target": -11.917862, "params": {"bagging_fraction": 0.8321838899135595, "feature_fraction": 0.8127151827202868, "lambda_l1": 1.9006148465899657, "lambda_l2": 1.1613231186980282, "learning_rate": 0.5767094459572737, "max_depth": 30.291364359878266, "min_child_weight": 0.7305987010785909, "min_split_gain": 0.023362175701607864, "n_estimators": 499.01290354205224, "num_leaves": 160.0580682534636}, "datetime": {"datetime": "2019-11-29 14:17:38", "elapsed": 1035.738461, "delta": 32.105935}}
{"target": -11.989437, "params": {"bagging_fraction": 0.8923235659197545, "feature_fraction": 0.8997353230872736, "lambda_l1": 2.2300076199782057, "lambda_l2": 0.6521512358072976, "learning_rate": 0.7580339081637688, "max_depth": 13.201447434236268, "min_child_weight": 0.2474876483086541, "min_split_gain": 0.07868995253933514, "n_estimators": 4353.5223970854595, "num_leaves": 187.96610988021945}, "datetime": {"datetime": "2019-11-29 14:17:54", "elapsed": 1051.420228, "delta": 15.681767}}
{"target": -16.022244999999998, "params": {"bagging_fraction": 0.8162978821624749, "feature_fraction": 0.8611478034885829, "lambda_l1": 1.8551602264496156, "lambda_l2": 2.8797753629271265, "learning_rate": 0.016479861834946326, "max_depth": 73.81607370989936, "min_child_weight": 0.1306615136638969, "min_split_gain": 0.08442239934923691, "n_estimators": 1057.3013802088994, "num_leaves": 296.93986089617704}, "datetime": {"datetime": "2019-11-29 14:18:26", "elapsed": 1083.42529, "delta": 32.005062}}
{"target": -11.3522548, "params": {"bagging_fraction": 0.9857166675592217, "feature_fraction": 0.8119592305259118, "lambda_l1": 0.2402738519089005, "lambda_l2": 1.7874270316478458, "learning_rate": 0.3371351498184857, "max_depth": 58.00135122945267, "min_child_weight": 0.7409658394045566, "min_split_gain": 0.09569463353934644, "n_estimators": 3085.9040038826147, "num_leaves": 225.40982862633084}, "datetime": {"datetime": "2019-11-29 14:18:57", "elapsed": 1114.20699, "delta": 30.7817}}
